Compiling the C compiler identification source file "CMakeCCompilerId.c" failed.
Compiler: /Library/Developer/CommandLineTools/usr/bin/cc 
Build flags: 
Id flags:  

The output was:
1
ld: library not found for -lSystem
clang: error: linker command failed with exit code 1 (use -v to see invocation)


Compiling the CXX compiler identification source file "CMakeCXXCompilerId.cpp" failed.
Compiler: /Library/Developer/CommandLineTools/usr/bin/c++ 
Build flags: 
Id flags:  

The output was:
1
ld: library not found for -lc++
clang: error: linker command failed with exit code 1 (use -v to see invocation)


Compiling the OBJC compiler identification source file "CMakeOBJCCompilerId.m" failed.
Compiler: /Library/Developer/CommandLineTools/usr/bin/cc 
Build flags: 
Id flags:  

The output was:
1
ld: library not found for -lSystem
clang: error: linker command failed with exit code 1 (use -v to see invocation)


Compiling the OBJCXX compiler identification source file "CMakeOBJCXXCompilerId.mm" failed.
Compiler: /Library/Developer/CommandLineTools/usr/bin/c++ 
Build flags: 
Id flags:  

The output was:
1
ld: library not found for -lc++
clang: error: linker command failed with exit code 1 (use -v to see invocation)


Performing C SOURCE FILE Test CAN_BUILD_AVX failed with the following output:
Change Dir: /Users/qkatlehdrnf/SynologyDrive/github/opai_ros/build_mujoco/CMakeFiles/CMakeTmp

Run Build Command(s):/usr/bin/make -f Makefile cmTC_2df6f/fast && /Library/Developer/CommandLineTools/usr/bin/make  -f CMakeFiles/cmTC_2df6f.dir/build.make CMakeFiles/cmTC_2df6f.dir/build
Building C object CMakeFiles/cmTC_2df6f.dir/src.c.o
/Library/Developer/CommandLineTools/usr/bin/cc -DCAN_BUILD_AVX  -mavx -arch arm64 -isysroot /Library/Developer/CommandLineTools/SDKs/MacOSX12.3.sdk -fPIE -std=c11 -MD -MT CMakeFiles/cmTC_2df6f.dir/src.c.o -MF CMakeFiles/cmTC_2df6f.dir/src.c.o.d -o CMakeFiles/cmTC_2df6f.dir/src.c.o -c /Users/qkatlehdrnf/SynologyDrive/github/opai_ros/build_mujoco/CMakeFiles/CMakeTmp/src.c
clang: warning: argument unused during compilation: '-mavx' [-Wunused-command-line-argument]
In file included from /Users/qkatlehdrnf/SynologyDrive/github/opai_ros/build_mujoco/CMakeFiles/CMakeTmp/src.c:2:
/Library/Developer/CommandLineTools/usr/lib/clang/14.0.0/include/immintrin.h:14:2: error: "This header is only meant to be used on x86 and x64 architecture"
#error "This header is only meant to be used on x86 and x64 architecture"
 ^
In file included from /Users/qkatlehdrnf/SynologyDrive/github/opai_ros/build_mujoco/CMakeFiles/CMakeTmp/src.c:2:
In file included from /Library/Developer/CommandLineTools/usr/lib/clang/14.0.0/include/immintrin.h:17:
In file included from /Library/Developer/CommandLineTools/usr/lib/clang/14.0.0/include/x86gprintrin.h:15:
/Library/Developer/CommandLineTools/usr/lib/clang/14.0.0/include/hresetintrin.h:42:27: error: invalid input constraint 'a' in asm
  __asm__ ("hreset $0" :: "a"(__eax));
                          ^
In file included from /Users/qkatlehdrnf/SynologyDrive/github/opai_ros/build_mujoco/CMakeFiles/CMakeTmp/src.c:2:
In file included from /Library/Developer/CommandLineTools/usr/lib/clang/14.0.0/include/immintrin.h:21:
/Library/Developer/CommandLineTools/usr/lib/clang/14.0.0/include/mmintrin.h:14:2: error: "This header is only meant to be used on x86 and x64 architecture"
#error "This header is only meant to be used on x86 and x64 architecture"
 ^
/Library/Developer/CommandLineTools/usr/lib/clang/14.0.0/include/mmintrin.h:54:12: error: invalid conversion between vector type '__m64' (vector of 1 'long long' value) and integer type 'int' of different size
    return (__m64)__builtin_ia32_vec_init_v2si(__i, 0);
           ^~~~~~~~~~~~~~~~~~~~~~~~~~~~~~~~~~~~~~~~~~~
/Library/Developer/CommandLineTools/usr/lib/clang/14.0.0/include/mmintrin.h:133:12: error: invalid conversion between vector type '__m64' (vector of 1 'long long' value) and integer type 'int' of different size
    return (__m64)__builtin_ia32_packsswb((__v4hi)__m1, (__v4hi)__m2);
           ^~~~~~~~~~~~~~~~~~~~~~~~~~~~~~~~~~~~~~~~~~~~~~~~~~~~~~~~~~
/Library/Developer/CommandLineTools/usr/lib/clang/14.0.0/include/mmintrin.h:163:12: error: invalid conversion between vector type '__m64' (vector of 1 'long long' value) and integer type 'int' of different size
    return (__m64)__builtin_ia32_packssdw((__v2si)__m1, (__v2si)__m2);
           ^~~~~~~~~~~~~~~~~~~~~~~~~~~~~~~~~~~~~~~~~~~~~~~~~~~~~~~~~~
/Library/Developer/CommandLineTools/usr/lib/clang/14.0.0/include/mmintrin.h:193:12: error: invalid conversion between vector type '__m64' (vector of 1 'long long' value) and integer type 'int' of different size
    return (__m64)__builtin_ia32_packuswb((__v4hi)__m1, (__v4hi)__m2);
           ^~~~~~~~~~~~~~~~~~~~~~~~~~~~~~~~~~~~~~~~~~~~~~~~~~~~~~~~~~
/Library/Developer/CommandLineTools/usr/lib/clang/14.0.0/include/mmintrin.h:220:12: error: invalid conversion between vector type '__m64' (vector of 1 'long long' value) and integer type 'int' of different size
    return (__m64)__builtin_ia32_punpckhbw((__v8qi)__m1, (__v8qi)__m2);
           ^~~~~~~~~~~~~~~~~~~~~~~~~~~~~~~~~~~~~~~~~~~~~~~~~~~~~~~~~~~
/Library/Developer/CommandLineTools/usr/lib/clang/14.0.0/include/mmintrin.h:243:12: error: invalid conversion between vector type '__m64' (vector of 1 'long long' value) and integer type 'int' of different size
    return (__m64)__builtin_ia32_punpckhwd((__v4hi)__m1, (__v4hi)__m2);
           ^~~~~~~~~~~~~~~~~~~~~~~~~~~~~~~~~~~~~~~~~~~~~~~~~~~~~~~~~~~
/Library/Developer/CommandLineTools/usr/lib/clang/14.0.0/include/mmintrin.h:264:12: error: invalid conversion between vector type '__m64' (vector of 1 'long long' value) and integer type 'int' of different size
    return (__m64)__builtin_ia32_punpckhdq((__v2si)__m1, (__v2si)__m2);
           ^~~~~~~~~~~~~~~~~~~~~~~~~~~~~~~~~~~~~~~~~~~~~~~~~~~~~~~~~~~
/Library/Developer/CommandLineTools/usr/lib/clang/14.0.0/include/mmintrin.h:291:12: error: invalid conversion between vector type '__m64' (vector of 1 'long long' value) and integer type 'int' of different size
    return (__m64)__builtin_ia32_punpcklbw((__v8qi)__m1, (__v8qi)__m2);
           ^~~~~~~~~~~~~~~~~~~~~~~~~~~~~~~~~~~~~~~~~~~~~~~~~~~~~~~~~~~
/Library/Developer/CommandLineTools/usr/lib/clang/14.0.0/include/mmintrin.h:314:12: error: invalid conversion between vector type '__m64' (vector of 1 'long long' value) and integer type 'int' of different size
    return (__m64)__builtin_ia32_punpcklwd((__v4hi)__m1, (__v4hi)__m2);
           ^~~~~~~~~~~~~~~~~~~~~~~~~~~~~~~~~~~~~~~~~~~~~~~~~~~~~~~~~~~
/Library/Developer/CommandLineTools/usr/lib/clang/14.0.0/include/mmintrin.h:335:12: error: invalid conversion between vector type '__m64' (vector of 1 'long long' value) and integer type 'int' of different size
    return (__m64)__builtin_ia32_punpckldq((__v2si)__m1, (__v2si)__m2);
           ^~~~~~~~~~~~~~~~~~~~~~~~~~~~~~~~~~~~~~~~~~~~~~~~~~~~~~~~~~~
/Library/Developer/CommandLineTools/usr/lib/clang/14.0.0/include/mmintrin.h:356:12: error: invalid conversion between vector type '__m64' (vector of 1 'long long' value) and integer type 'int' of different size
    return (__m64)__builtin_ia32_paddb((__v8qi)__m1, (__v8qi)__m2);
           ^~~~~~~~~~~~~~~~~~~~~~~~~~~~~~~~~~~~~~~~~~~~~~~~~~~~~~~
/Library/Developer/CommandLineTools/usr/lib/clang/14.0.0/include/mmintrin.h:377:12: error: invalid conversion between vector type '__m64' (vector of 1 'long long' value) and integer type 'int' of different size
    return (__m64)__builtin_ia32_paddw((__v4hi)__m1, (__v4hi)__m2);
           ^~~~~~~~~~~~~~~~~~~~~~~~~~~~~~~~~~~~~~~~~~~~~~~~~~~~~~~
/Library/Developer/CommandLineTools/usr/lib/clang/14.0.0/include/mmintrin.h:398:12: error: invalid conversion between vector type '__m64' (vector of 1 'long long' value) and integer type 'int' of different size
    return (__m64)__builtin_ia32_paddd((__v2si)__m1, (__v2si)__m2);
           ^~~~~~~~~~~~~~~~~~~~~~~~~~~~~~~~~~~~~~~~~~~~~~~~~~~~~~~
/Library/Developer/CommandLineTools/usr/lib/clang/14.0.0/include/mmintrin.h:420:12: error: invalid conversion between vector type '__m64' (vector of 1 'long long' value) and integer type 'int' of different size
    return (__m64)__builtin_ia32_paddsb((__v8qi)__m1, (__v8qi)__m2);
           ^~~~~~~~~~~~~~~~~~~~~~~~~~~~~~~~~~~~~~~~~~~~~~~~~~~~~~~~
/Library/Developer/CommandLineTools/usr/lib/clang/14.0.0/include/mmintrin.h:443:12: error: invalid conversion between vector type '__m64' (vector of 1 'long long' value) and integer type 'int' of different size
    return (__m64)__builtin_ia32_paddsw((__v4hi)__m1, (__v4hi)__m2);
           ^~~~~~~~~~~~~~~~~~~~~~~~~~~~~~~~~~~~~~~~~~~~~~~~~~~~~~~~
/Library/Developer/CommandLineTools/usr/lib/clang/14.0.0/include/mmintrin.h:465:12: error: invalid conversion between vector type '__m64' (vector of 1 'long long' value) and integer type 'int' of different size
    return (__m64)__builtin_ia32_paddusb((__v8qi)__m1, (__v8qi)__m2);
           ^~~~~~~~~~~~~~~~~~~~~~~~~~~~~~~~~~~~~~~~~~~~~~~~~~~~~~~~~
fatal error: too many errors emitted, stopping now [-ferror-limit=]
20 errors generated.
make[1]: *** [CMakeFiles/cmTC_2df6f.dir/src.c.o] Error 1
make: *** [cmTC_2df6f/fast] Error 2


Source file was:

      #include <immintrin.h>
      int main(int argc, char* argv[]) {
        __m256d ymm;
        return 0;
      }
    
Performing C SOURCE FILE Test SUPPORTS_LLD failed with the following output:
Change Dir: /Users/qkatlehdrnf/SynologyDrive/github/opai_ros/build_mujoco/CMakeFiles/CMakeTmp

Run Build Command(s):/usr/bin/make -f Makefile cmTC_4fccf/fast && /Library/Developer/CommandLineTools/usr/bin/make  -f CMakeFiles/cmTC_4fccf.dir/build.make CMakeFiles/cmTC_4fccf.dir/build
Building C object CMakeFiles/cmTC_4fccf.dir/src.c.o
/Library/Developer/CommandLineTools/usr/bin/cc -DSUPPORTS_LLD  -fuse-ld=lld -arch arm64 -isysroot /Library/Developer/CommandLineTools/SDKs/MacOSX12.3.sdk -fPIE -std=c11 -MD -MT CMakeFiles/cmTC_4fccf.dir/src.c.o -MF CMakeFiles/cmTC_4fccf.dir/src.c.o.d -o CMakeFiles/cmTC_4fccf.dir/src.c.o -c /Users/qkatlehdrnf/SynologyDrive/github/opai_ros/build_mujoco/CMakeFiles/CMakeTmp/src.c
clang: warning: argument unused during compilation: '-fuse-ld=lld' [-Wunused-command-line-argument]
Linking C executable cmTC_4fccf
/opt/homebrew/Cellar/cmake/3.24.2/bin/cmake -E cmake_link_script CMakeFiles/cmTC_4fccf.dir/link.txt --verbose=1
/Library/Developer/CommandLineTools/usr/bin/cc  -fuse-ld=lld -arch arm64 -isysroot /Library/Developer/CommandLineTools/SDKs/MacOSX12.3.sdk -Wl,-search_paths_first -Wl,-headerpad_max_install_names CMakeFiles/cmTC_4fccf.dir/src.c.o -o cmTC_4fccf 
clang: error: invalid linker name in argument '-fuse-ld=lld'
make[1]: *** [cmTC_4fccf] Error 1
make: *** [cmTC_4fccf/fast] Error 2


Source file was:
int main() {}
Performing C SOURCE FILE Test SUPPORTS_GOLD failed with the following output:
Change Dir: /Users/qkatlehdrnf/SynologyDrive/github/opai_ros/build_mujoco/CMakeFiles/CMakeTmp

Run Build Command(s):/usr/bin/make -f Makefile cmTC_b7cfd/fast && /Library/Developer/CommandLineTools/usr/bin/make  -f CMakeFiles/cmTC_b7cfd.dir/build.make CMakeFiles/cmTC_b7cfd.dir/build
Building C object CMakeFiles/cmTC_b7cfd.dir/src.c.o
/Library/Developer/CommandLineTools/usr/bin/cc -DSUPPORTS_GOLD  -fuse-ld=gold -arch arm64 -isysroot /Library/Developer/CommandLineTools/SDKs/MacOSX12.3.sdk -fPIE -std=c11 -MD -MT CMakeFiles/cmTC_b7cfd.dir/src.c.o -MF CMakeFiles/cmTC_b7cfd.dir/src.c.o.d -o CMakeFiles/cmTC_b7cfd.dir/src.c.o -c /Users/qkatlehdrnf/SynologyDrive/github/opai_ros/build_mujoco/CMakeFiles/CMakeTmp/src.c
clang: warning: argument unused during compilation: '-fuse-ld=gold' [-Wunused-command-line-argument]
Linking C executable cmTC_b7cfd
/opt/homebrew/Cellar/cmake/3.24.2/bin/cmake -E cmake_link_script CMakeFiles/cmTC_b7cfd.dir/link.txt --verbose=1
/Library/Developer/CommandLineTools/usr/bin/cc  -fuse-ld=gold -arch arm64 -isysroot /Library/Developer/CommandLineTools/SDKs/MacOSX12.3.sdk -Wl,-search_paths_first -Wl,-headerpad_max_install_names CMakeFiles/cmTC_b7cfd.dir/src.c.o -o cmTC_b7cfd 
clang: error: invalid linker name in argument '-fuse-ld=gold'
make[1]: *** [cmTC_b7cfd] Error 1
make: *** [cmTC_b7cfd/fast] Error 2


Source file was:
int main() {}
Performing C SOURCE FILE Test SUPPORTS_GC_SECTIONS failed with the following output:
Change Dir: /Users/qkatlehdrnf/SynologyDrive/github/opai_ros/build_mujoco/CMakeFiles/CMakeTmp

Run Build Command(s):/usr/bin/make -f Makefile cmTC_ad191/fast && /Library/Developer/CommandLineTools/usr/bin/make  -f CMakeFiles/cmTC_ad191.dir/build.make CMakeFiles/cmTC_ad191.dir/build
Building C object CMakeFiles/cmTC_ad191.dir/src.c.o
/Library/Developer/CommandLineTools/usr/bin/cc -DSUPPORTS_GC_SECTIONS  -Wl,--gc-sections -arch arm64 -isysroot /Library/Developer/CommandLineTools/SDKs/MacOSX12.3.sdk -fPIE -std=c11 -MD -MT CMakeFiles/cmTC_ad191.dir/src.c.o -MF CMakeFiles/cmTC_ad191.dir/src.c.o.d -o CMakeFiles/cmTC_ad191.dir/src.c.o -c /Users/qkatlehdrnf/SynologyDrive/github/opai_ros/build_mujoco/CMakeFiles/CMakeTmp/src.c
clang: warning: -Wl,--gc-sections: 'linker' input unused [-Wunused-command-line-argument]
Linking C executable cmTC_ad191
/opt/homebrew/Cellar/cmake/3.24.2/bin/cmake -E cmake_link_script CMakeFiles/cmTC_ad191.dir/link.txt --verbose=1
/Library/Developer/CommandLineTools/usr/bin/cc  -Wl,--gc-sections -arch arm64 -isysroot /Library/Developer/CommandLineTools/SDKs/MacOSX12.3.sdk -Wl,-search_paths_first -Wl,-headerpad_max_install_names CMakeFiles/cmTC_ad191.dir/src.c.o -o cmTC_ad191 
ld: unknown option: --gc-sections
clang: error: linker command failed with exit code 1 (use -v to see invocation)
make[1]: *** [cmTC_ad191] Error 1
make: *** [cmTC_ad191/fast] Error 2


Source file was:
int main() {}
Determining if the function shm_open exists in the rt failed with the following output:
Change Dir: /Users/qkatlehdrnf/SynologyDrive/github/opai_ros/build_mujoco/CMakeFiles/CMakeTmp

Run Build Command(s):/usr/bin/make -f Makefile cmTC_45516/fast && /Library/Developer/CommandLineTools/usr/bin/make  -f CMakeFiles/cmTC_45516.dir/build.make CMakeFiles/cmTC_45516.dir/build
Building C object CMakeFiles/cmTC_45516.dir/CheckFunctionExists.c.o
/Library/Developer/CommandLineTools/usr/bin/cc   -DCHECK_FUNCTION_EXISTS=shm_open -arch arm64 -isysroot /Library/Developer/CommandLineTools/SDKs/MacOSX12.3.sdk -fPIE -MD -MT CMakeFiles/cmTC_45516.dir/CheckFunctionExists.c.o -MF CMakeFiles/cmTC_45516.dir/CheckFunctionExists.c.o.d -o CMakeFiles/cmTC_45516.dir/CheckFunctionExists.c.o -c /opt/homebrew/Cellar/cmake/3.24.2/share/cmake/Modules/CheckFunctionExists.c
Linking C executable cmTC_45516
/opt/homebrew/Cellar/cmake/3.24.2/bin/cmake -E cmake_link_script CMakeFiles/cmTC_45516.dir/link.txt --verbose=1
/Library/Developer/CommandLineTools/usr/bin/cc  -DCHECK_FUNCTION_EXISTS=shm_open -arch arm64 -isysroot /Library/Developer/CommandLineTools/SDKs/MacOSX12.3.sdk -Wl,-search_paths_first -Wl,-headerpad_max_install_names CMakeFiles/cmTC_45516.dir/CheckFunctionExists.c.o -o cmTC_45516  -lrt 
ld: library not found for -lrt
clang: error: linker command failed with exit code 1 (use -v to see invocation)
make[1]: *** [cmTC_45516] Error 1
make: *** [cmTC_45516/fast] Error 2



Performing C++ SOURCE FILE Test HAVE_CXX_FLAG_WD654 failed with the following output:
Change Dir: /Users/qkatlehdrnf/SynologyDrive/github/opai_ros/build_mujoco/CMakeFiles/CMakeTmp

Run Build Command(s):/usr/bin/make -f Makefile cmTC_bfaa9/fast && /Library/Developer/CommandLineTools/usr/bin/make  -f CMakeFiles/cmTC_bfaa9.dir/build.make CMakeFiles/cmTC_bfaa9.dir/build
Building CXX object CMakeFiles/cmTC_bfaa9.dir/src.cxx.o
/Library/Developer/CommandLineTools/usr/bin/c++ -DHAVE_CXX_FLAG_WD654  -std=c++11  -Wall  -Wextra  -Wshadow  -Wfloat-equal  -Wsuggest-override  -pedantic  -pedantic-errors  -Wshorten-64-to-32  -fstrict-aliasing  -Wno-deprecated-declarations  -Wstrict-aliasing  -wd654 -arch arm64 -isysroot /Library/Developer/CommandLineTools/SDKs/MacOSX12.3.sdk -fPIE   -wd654 -std=c++17 -MD -MT CMakeFiles/cmTC_bfaa9.dir/src.cxx.o -MF CMakeFiles/cmTC_bfaa9.dir/src.cxx.o.d -o CMakeFiles/cmTC_bfaa9.dir/src.cxx.o -c /Users/qkatlehdrnf/SynologyDrive/github/opai_ros/build_mujoco/CMakeFiles/CMakeTmp/src.cxx
clang: error: unknown argument: '-wd654'
clang: error: unknown argument: '-wd654'
make[1]: *** [CMakeFiles/cmTC_bfaa9.dir/src.cxx.o] Error 1
make: *** [cmTC_bfaa9/fast] Error 2


Source file was:
int main() { return 0; }
